NOTE: Picked up JDK_JAVA_OPTIONS:  --add-opens=java.base/java.lang=ALL-UNNAMED --add-opens=java.base/java.io=ALL-UNNAMED --add-opens=java.rmi/sun.rmi.transport=ALL-UNNAMED
03-Nov-2020 09:30:40.458 INFO [main] org.apache.catalina.startup.VersionLoggerListener.log Server version name:   Apache Tomcat/9.0.39
03-Nov-2020 09:30:40.463 INFO [main] org.apache.catalina.startup.VersionLoggerListener.log Server built:          Oct 6 2020 14:11:46 UTC
03-Nov-2020 09:30:40.463 INFO [main] org.apache.catalina.startup.VersionLoggerListener.log Server version number: 9.0.39.0
03-Nov-2020 09:30:40.463 INFO [main] org.apache.catalina.startup.VersionLoggerListener.log OS Name:               Mac OS X
03-Nov-2020 09:30:40.464 INFO [main] org.apache.catalina.startup.VersionLoggerListener.log OS Version:            10.15.7
03-Nov-2020 09:30:40.464 INFO [main] org.apache.catalina.startup.VersionLoggerListener.log Architecture:          x86_64
03-Nov-2020 09:30:40.464 INFO [main] org.apache.catalina.startup.VersionLoggerListener.log Java Home:             /Library/Java/JavaVirtualMachines/jdk-15.0.1.jdk/Contents/Home
03-Nov-2020 09:30:40.464 INFO [main] org.apache.catalina.startup.VersionLoggerListener.log JVM Version:           15.0.1+9-18
03-Nov-2020 09:30:40.464 INFO [main] org.apache.catalina.startup.VersionLoggerListener.log JVM Vendor:            Oracle Corporation
03-Nov-2020 09:30:40.464 INFO [main] org.apache.catalina.startup.VersionLoggerListener.log CATALINA_BASE:         /Users/macbookpro/Desktop/Module3/Tomcat
03-Nov-2020 09:30:40.464 INFO [main] org.apache.catalina.startup.VersionLoggerListener.log CATALINA_HOME:         /Users/macbookpro/Desktop/Module3/Tomcat
03-Nov-2020 09:30:40.517 INFO [main] org.apache.catalina.startup.VersionLoggerListener.log Command line argument: --add-opens=java.base/java.lang=ALL-UNNAMED
03-Nov-2020 09:30:40.517 INFO [main] org.apache.catalina.startup.VersionLoggerListener.log Command line argument: --add-opens=java.base/java.io=ALL-UNNAMED
03-Nov-2020 09:30:40.517 INFO [main] org.apache.catalina.startup.VersionLoggerListener.log Command line argument: --add-opens=java.rmi/sun.rmi.transport=ALL-UNNAMED
03-Nov-2020 09:30:40.517 INFO [main] org.apache.catalina.startup.VersionLoggerListener.log Command line argument: -Djava.util.logging.config.file=/Users/macbookpro/Desktop/Module3/Tomcat/conf/logging.properties
03-Nov-2020 09:30:40.517 INFO [main] org.apache.catalina.startup.VersionLoggerListener.log Command line argument: -Djava.util.logging.manager=org.apache.juli.ClassLoaderLogManager
03-Nov-2020 09:30:40.518 INFO [main] org.apache.catalina.startup.VersionLoggerListener.log Command line argument: -Djdk.tls.ephemeralDHKeySize=2048
03-Nov-2020 09:30:40.518 INFO [main] org.apache.catalina.startup.VersionLoggerListener.log Command line argument: -Djava.protocol.handler.pkgs=org.apache.catalina.webresources
03-Nov-2020 09:30:40.518 INFO [main] org.apache.catalina.startup.VersionLoggerListener.log Command line argument: -Dorg.apache.catalina.security.SecurityListener.UMASK=0027
03-Nov-2020 09:30:40.518 INFO [main] org.apache.catalina.startup.VersionLoggerListener.log Command line argument: -Dignore.endorsed.dirs=
03-Nov-2020 09:30:40.518 INFO [main] org.apache.catalina.startup.VersionLoggerListener.log Command line argument: -Dcatalina.base=/Users/macbookpro/Desktop/Module3/Tomcat
03-Nov-2020 09:30:40.518 INFO [main] org.apache.catalina.startup.VersionLoggerListener.log Command line argument: -Dcatalina.home=/Users/macbookpro/Desktop/Module3/Tomcat
03-Nov-2020 09:30:40.518 INFO [main] org.apache.catalina.startup.VersionLoggerListener.log Command line argument: -Djava.io.tmpdir=/Users/macbookpro/Desktop/Module3/Tomcat/temp
03-Nov-2020 09:30:40.520 INFO [main] org.apache.catalina.core.AprLifecycleListener.lifecycleEvent The Apache Tomcat Native library which allows using OpenSSL was not found on the java.library.path: [/Users/macbookpro/Library/Java/Extensions:/Library/Java/Extensions:/Network/Library/Java/Extensions:/System/Library/Java/Extensions:/usr/lib/java:.]
03-Nov-2020 09:30:40.767 INFO [main] org.apache.coyote.AbstractProtocol.init Initializing ProtocolHandler ["http-nio-8080"]
03-Nov-2020 09:30:40.822 INFO [main] org.apache.catalina.startup.Catalina.load Server initialization in [528] milliseconds
03-Nov-2020 09:30:40.852 INFO [main] org.apache.catalina.core.StandardService.startInternal Starting service [Catalina]
03-Nov-2020 09:30:40.853 INFO [main] org.apache.catalina.core.StandardEngine.startInternal Starting Servlet engine: [Apache Tomcat/9.0.39]
03-Nov-2020 09:30:40.859 INFO [main] org.apache.catalina.startup.HostConfig.deployDirectory Deploying web application directory [/Users/macbookpro/Desktop/Module3/Tomcat/webapps/docs]
03-Nov-2020 09:30:41.037 INFO [main] org.apache.catalina.startup.HostConfig.deployDirectory Deployment of web application directory [/Users/macbookpro/Desktop/Module3/Tomcat/webapps/docs] has finished in [177] ms
03-Nov-2020 09:30:41.037 INFO [main] org.apache.catalina.startup.HostConfig.deployDirectory Deploying web application directory [/Users/macbookpro/Desktop/Module3/Tomcat/webapps/manager]
03-Nov-2020 09:30:41.063 INFO [main] org.apache.catalina.startup.HostConfig.deployDirectory Deployment of web application directory [/Users/macbookpro/Desktop/Module3/Tomcat/webapps/manager] has finished in [26] ms
03-Nov-2020 09:30:41.063 INFO [main] org.apache.catalina.startup.HostConfig.deployDirectory Deploying web application directory [/Users/macbookpro/Desktop/Module3/Tomcat/webapps/examples]
03-Nov-2020 09:30:41.255 INFO [main] org.apache.catalina.startup.HostConfig.deployDirectory Deployment of web application directory [/Users/macbookpro/Desktop/Module3/Tomcat/webapps/examples] has finished in [191] ms
03-Nov-2020 09:30:41.255 INFO [main] org.apache.catalina.startup.HostConfig.deployDirectory Deploying web application directory [/Users/macbookpro/Desktop/Module3/Tomcat/webapps/ROOT]
03-Nov-2020 09:30:41.268 INFO [main] org.apache.catalina.startup.HostConfig.deployDirectory Deployment of web application directory [/Users/macbookpro/Desktop/Module3/Tomcat/webapps/ROOT] has finished in [13] ms
03-Nov-2020 09:30:41.268 INFO [main] org.apache.catalina.startup.HostConfig.deployDirectory Deploying web application directory [/Users/macbookpro/Desktop/Module3/Tomcat/webapps/host-manager]
03-Nov-2020 09:30:41.282 INFO [main] org.apache.catalina.startup.HostConfig.deployDirectory Deployment of web application directory [/Users/macbookpro/Desktop/Module3/Tomcat/webapps/host-manager] has finished in [14] ms
03-Nov-2020 09:30:41.284 INFO [main] org.apache.coyote.AbstractProtocol.start Starting ProtocolHandler ["http-nio-8080"]
03-Nov-2020 09:30:41.288 INFO [main] org.apache.catalina.startup.Catalina.start Server startup in [465] milliseconds
03-Nov-2020 09:36:35.397 INFO [main] org.apache.catalina.core.StandardServer.await A valid shutdown command was received via the shutdown port. Stopping the Server instance.
03-Nov-2020 09:36:35.398 INFO [main] org.apache.coyote.AbstractProtocol.pause Pausing ProtocolHandler ["http-nio-8080"]
03-Nov-2020 09:36:35.401 INFO [main] org.apache.catalina.core.StandardService.stopInternal Stopping service [Catalina]
03-Nov-2020 09:36:35.419 INFO [main] org.apache.coyote.AbstractProtocol.stop Stopping ProtocolHandler ["http-nio-8080"]
03-Nov-2020 09:36:35.459 INFO [main] org.apache.coyote.AbstractProtocol.destroy Destroying ProtocolHandler ["http-nio-8080"]
NOTE: Picked up JDK_JAVA_OPTIONS:  --add-opens=java.base/java.lang=ALL-UNNAMED --add-opens=java.base/java.io=ALL-UNNAMED --add-opens=java.rmi/sun.rmi.transport=ALL-UNNAMED
03-Nov-2020 09:37:14.324 INFO [main] org.apache.catalina.startup.VersionLoggerListener.log Server version name:   Apache Tomcat/9.0.39
03-Nov-2020 09:37:14.327 INFO [main] org.apache.catalina.startup.VersionLoggerListener.log Server built:          Oct 6 2020 14:11:46 UTC
03-Nov-2020 09:37:14.327 INFO [main] org.apache.catalina.startup.VersionLoggerListener.log Server version number: 9.0.39.0
03-Nov-2020 09:37:14.327 INFO [main] org.apache.catalina.startup.VersionLoggerListener.log OS Name:               Mac OS X
03-Nov-2020 09:37:14.328 INFO [main] org.apache.catalina.startup.VersionLoggerListener.log OS Version:            10.15.7
03-Nov-2020 09:37:14.328 INFO [main] org.apache.catalina.startup.VersionLoggerListener.log Architecture:          x86_64
03-Nov-2020 09:37:14.328 INFO [main] org.apache.catalina.startup.VersionLoggerListener.log Java Home:             /Library/Java/JavaVirtualMachines/jdk-15.0.1.jdk/Contents/Home
03-Nov-2020 09:37:14.328 INFO [main] org.apache.catalina.startup.VersionLoggerListener.log JVM Version:           15.0.1+9-18
03-Nov-2020 09:37:14.328 INFO [main] org.apache.catalina.startup.VersionLoggerListener.log JVM Vendor:            Oracle Corporation
03-Nov-2020 09:37:14.328 INFO [main] org.apache.catalina.startup.VersionLoggerListener.log CATALINA_BASE:         /Users/macbookpro/Desktop/Module3/Tomcat
03-Nov-2020 09:37:14.328 INFO [main] org.apache.catalina.startup.VersionLoggerListener.log CATALINA_HOME:         /Users/macbookpro/Desktop/Module3/Tomcat
03-Nov-2020 09:37:14.339 INFO [main] org.apache.catalina.startup.VersionLoggerListener.log Command line argument: --add-opens=java.base/java.lang=ALL-UNNAMED
03-Nov-2020 09:37:14.339 INFO [main] org.apache.catalina.startup.VersionLoggerListener.log Command line argument: --add-opens=java.base/java.io=ALL-UNNAMED
03-Nov-2020 09:37:14.339 INFO [main] org.apache.catalina.startup.VersionLoggerListener.log Command line argument: --add-opens=java.rmi/sun.rmi.transport=ALL-UNNAMED
03-Nov-2020 09:37:14.339 INFO [main] org.apache.catalina.startup.VersionLoggerListener.log Command line argument: -Djava.util.logging.config.file=/Users/macbookpro/Desktop/Module3/Tomcat/conf/logging.properties
03-Nov-2020 09:37:14.339 INFO [main] org.apache.catalina.startup.VersionLoggerListener.log Command line argument: -Djava.util.logging.manager=org.apache.juli.ClassLoaderLogManager
03-Nov-2020 09:37:14.339 INFO [main] org.apache.catalina.startup.VersionLoggerListener.log Command line argument: -Djdk.tls.ephemeralDHKeySize=2048
03-Nov-2020 09:37:14.339 INFO [main] org.apache.catalina.startup.VersionLoggerListener.log Command line argument: -Djava.protocol.handler.pkgs=org.apache.catalina.webresources
03-Nov-2020 09:37:14.340 INFO [main] org.apache.catalina.startup.VersionLoggerListener.log Command line argument: -Dorg.apache.catalina.security.SecurityListener.UMASK=0027
03-Nov-2020 09:37:14.340 INFO [main] org.apache.catalina.startup.VersionLoggerListener.log Command line argument: -Dignore.endorsed.dirs=
03-Nov-2020 09:37:14.340 INFO [main] org.apache.catalina.startup.VersionLoggerListener.log Command line argument: -Dcatalina.base=/Users/macbookpro/Desktop/Module3/Tomcat
03-Nov-2020 09:37:14.340 INFO [main] org.apache.catalina.startup.VersionLoggerListener.log Command line argument: -Dcatalina.home=/Users/macbookpro/Desktop/Module3/Tomcat
03-Nov-2020 09:37:14.340 INFO [main] org.apache.catalina.startup.VersionLoggerListener.log Command line argument: -Djava.io.tmpdir=/Users/macbookpro/Desktop/Module3/Tomcat/temp
03-Nov-2020 09:37:14.341 INFO [main] org.apache.catalina.core.AprLifecycleListener.lifecycleEvent The Apache Tomcat Native library which allows using OpenSSL was not found on the java.library.path: [/Users/macbookpro/Library/Java/Extensions:/Library/Java/Extensions:/Network/Library/Java/Extensions:/System/Library/Java/Extensions:/usr/lib/java:.]
03-Nov-2020 09:37:14.554 INFO [main] org.apache.coyote.AbstractProtocol.init Initializing ProtocolHandler ["http-nio-8080"]
03-Nov-2020 09:37:14.588 INFO [main] org.apache.catalina.startup.Catalina.load Server initialization in [393] milliseconds
03-Nov-2020 09:37:14.615 INFO [main] org.apache.catalina.core.StandardService.startInternal Starting service [Catalina]
03-Nov-2020 09:37:14.615 INFO [main] org.apache.catalina.core.StandardEngine.startInternal Starting Servlet engine: [Apache Tomcat/9.0.39]
03-Nov-2020 09:37:14.620 INFO [main] org.apache.catalina.startup.HostConfig.deployDirectory Deploying web application directory [/Users/macbookpro/Desktop/Module3/Tomcat/webapps/docs]
03-Nov-2020 09:37:14.804 INFO [main] org.apache.catalina.startup.HostConfig.deployDirectory Deployment of web application directory [/Users/macbookpro/Desktop/Module3/Tomcat/webapps/docs] has finished in [184] ms
03-Nov-2020 09:37:14.804 INFO [main] org.apache.catalina.startup.HostConfig.deployDirectory Deploying web application directory [/Users/macbookpro/Desktop/Module3/Tomcat/webapps/manager]
03-Nov-2020 09:37:14.831 INFO [main] org.apache.catalina.startup.HostConfig.deployDirectory Deployment of web application directory [/Users/macbookpro/Desktop/Module3/Tomcat/webapps/manager] has finished in [27] ms
03-Nov-2020 09:37:14.832 INFO [main] org.apache.catalina.startup.HostConfig.deployDirectory Deploying web application directory [/Users/macbookpro/Desktop/Module3/Tomcat/webapps/examples]
03-Nov-2020 09:37:15.033 INFO [main] org.apache.catalina.startup.HostConfig.deployDirectory Deployment of web application directory [/Users/macbookpro/Desktop/Module3/Tomcat/webapps/examples] has finished in [201] ms
03-Nov-2020 09:37:15.033 INFO [main] org.apache.catalina.startup.HostConfig.deployDirectory Deploying web application directory [/Users/macbookpro/Desktop/Module3/Tomcat/webapps/ROOT]
03-Nov-2020 09:37:15.045 INFO [main] org.apache.catalina.startup.HostConfig.deployDirectory Deployment of web application directory [/Users/macbookpro/Desktop/Module3/Tomcat/webapps/ROOT] has finished in [12] ms
03-Nov-2020 09:37:15.045 INFO [main] org.apache.catalina.startup.HostConfig.deployDirectory Deploying web application directory [/Users/macbookpro/Desktop/Module3/Tomcat/webapps/host-manager]
03-Nov-2020 09:37:15.060 INFO [main] org.apache.catalina.startup.HostConfig.deployDirectory Deployment of web application directory [/Users/macbookpro/Desktop/Module3/Tomcat/webapps/host-manager] has finished in [15] ms
03-Nov-2020 09:37:15.062 INFO [main] org.apache.coyote.AbstractProtocol.start Starting ProtocolHandler ["http-nio-8080"]
03-Nov-2020 09:37:15.067 INFO [main] org.apache.catalina.startup.Catalina.start Server startup in [478] milliseconds
03-Nov-2020 09:43:11.800 INFO [main] org.apache.catalina.core.StandardServer.await A valid shutdown command was received via the shutdown port. Stopping the Server instance.
03-Nov-2020 09:43:11.801 INFO [main] org.apache.coyote.AbstractProtocol.pause Pausing ProtocolHandler ["http-nio-8080"]
03-Nov-2020 09:43:11.804 INFO [main] org.apache.catalina.core.StandardService.stopInternal Stopping service [Catalina]
03-Nov-2020 09:43:11.819 INFO [main] org.apache.coyote.AbstractProtocol.stop Stopping ProtocolHandler ["http-nio-8080"]
03-Nov-2020 09:43:11.857 INFO [main] org.apache.coyote.AbstractProtocol.destroy Destroying ProtocolHandler ["http-nio-8080"]
NOTE: Picked up JDK_JAVA_OPTIONS:  --add-opens=java.base/java.lang=ALL-UNNAMED --add-opens=java.base/java.io=ALL-UNNAMED --add-opens=java.rmi/sun.rmi.transport=ALL-UNNAMED
03-Nov-2020 09:45:07.629 INFO [main] org.apache.catalina.startup.VersionLoggerListener.log Server version name:   Apache Tomcat/9.0.39
03-Nov-2020 09:45:07.632 INFO [main] org.apache.catalina.startup.VersionLoggerListener.log Server built:          Oct 6 2020 14:11:46 UTC
03-Nov-2020 09:45:07.632 INFO [main] org.apache.catalina.startup.VersionLoggerListener.log Server version number: 9.0.39.0
03-Nov-2020 09:45:07.633 INFO [main] org.apache.catalina.startup.VersionLoggerListener.log OS Name:               Mac OS X
03-Nov-2020 09:45:07.633 INFO [main] org.apache.catalina.startup.VersionLoggerListener.log OS Version:            10.15.7
03-Nov-2020 09:45:07.633 INFO [main] org.apache.catalina.startup.VersionLoggerListener.log Architecture:          x86_64
03-Nov-2020 09:45:07.633 INFO [main] org.apache.catalina.startup.VersionLoggerListener.log Java Home:             /Library/Java/JavaVirtualMachines/jdk-15.0.1.jdk/Contents/Home
03-Nov-2020 09:45:07.633 INFO [main] org.apache.catalina.startup.VersionLoggerListener.log JVM Version:           15.0.1+9-18
03-Nov-2020 09:45:07.633 INFO [main] org.apache.catalina.startup.VersionLoggerListener.log JVM Vendor:            Oracle Corporation
03-Nov-2020 09:45:07.633 INFO [main] org.apache.catalina.startup.VersionLoggerListener.log CATALINA_BASE:         /Users/macbookpro/Desktop/Module3/Tomcat
03-Nov-2020 09:45:07.633 INFO [main] org.apache.catalina.startup.VersionLoggerListener.log CATALINA_HOME:         /Users/macbookpro/Desktop/Module3/Tomcat
03-Nov-2020 09:45:07.644 INFO [main] org.apache.catalina.startup.VersionLoggerListener.log Command line argument: --add-opens=java.base/java.lang=ALL-UNNAMED
03-Nov-2020 09:45:07.644 INFO [main] org.apache.catalina.startup.VersionLoggerListener.log Command line argument: --add-opens=java.base/java.io=ALL-UNNAMED
03-Nov-2020 09:45:07.644 INFO [main] org.apache.catalina.startup.VersionLoggerListener.log Command line argument: --add-opens=java.rmi/sun.rmi.transport=ALL-UNNAMED
03-Nov-2020 09:45:07.645 INFO [main] org.apache.catalina.startup.VersionLoggerListener.log Command line argument: -Djava.util.logging.config.file=/Users/macbookpro/Desktop/Module3/Tomcat/conf/logging.properties
03-Nov-2020 09:45:07.645 INFO [main] org.apache.catalina.startup.VersionLoggerListener.log Command line argument: -Djava.util.logging.manager=org.apache.juli.ClassLoaderLogManager
03-Nov-2020 09:45:07.645 INFO [main] org.apache.catalina.startup.VersionLoggerListener.log Command line argument: -Djdk.tls.ephemeralDHKeySize=2048
03-Nov-2020 09:45:07.645 INFO [main] org.apache.catalina.startup.VersionLoggerListener.log Command line argument: -Djava.protocol.handler.pkgs=org.apache.catalina.webresources
03-Nov-2020 09:45:07.645 INFO [main] org.apache.catalina.startup.VersionLoggerListener.log Command line argument: -Dorg.apache.catalina.security.SecurityListener.UMASK=0027
03-Nov-2020 09:45:07.645 INFO [main] org.apache.catalina.startup.VersionLoggerListener.log Command line argument: -Dignore.endorsed.dirs=
03-Nov-2020 09:45:07.645 INFO [main] org.apache.catalina.startup.VersionLoggerListener.log Command line argument: -Dcatalina.base=/Users/macbookpro/Desktop/Module3/Tomcat
03-Nov-2020 09:45:07.645 INFO [main] org.apache.catalina.startup.VersionLoggerListener.log Command line argument: -Dcatalina.home=/Users/macbookpro/Desktop/Module3/Tomcat
03-Nov-2020 09:45:07.645 INFO [main] org.apache.catalina.startup.VersionLoggerListener.log Command line argument: -Djava.io.tmpdir=/Users/macbookpro/Desktop/Module3/Tomcat/temp
03-Nov-2020 09:45:07.647 INFO [main] org.apache.catalina.core.AprLifecycleListener.lifecycleEvent The Apache Tomcat Native library which allows using OpenSSL was not found on the java.library.path: [/Users/macbookpro/Library/Java/Extensions:/Library/Java/Extensions:/Network/Library/Java/Extensions:/System/Library/Java/Extensions:/usr/lib/java:.]
03-Nov-2020 09:45:07.866 INFO [main] org.apache.coyote.AbstractProtocol.init Initializing ProtocolHandler ["http-nio-8080"]
03-Nov-2020 09:45:07.900 INFO [main] org.apache.catalina.startup.Catalina.load Server initialization in [401] milliseconds
03-Nov-2020 09:45:07.925 INFO [main] org.apache.catalina.core.StandardService.startInternal Starting service [Catalina]
03-Nov-2020 09:45:07.925 INFO [main] org.apache.catalina.core.StandardEngine.startInternal Starting Servlet engine: [Apache Tomcat/9.0.39]
03-Nov-2020 09:45:07.932 INFO [main] org.apache.catalina.startup.HostConfig.deployDirectory Deploying web application directory [/Users/macbookpro/Desktop/Module3/Tomcat/webapps/docs]
03-Nov-2020 09:45:08.099 INFO [main] org.apache.catalina.startup.HostConfig.deployDirectory Deployment of web application directory [/Users/macbookpro/Desktop/Module3/Tomcat/webapps/docs] has finished in [167] ms
03-Nov-2020 09:45:08.100 INFO [main] org.apache.catalina.startup.HostConfig.deployDirectory Deploying web application directory [/Users/macbookpro/Desktop/Module3/Tomcat/webapps/manager]
03-Nov-2020 09:45:08.123 INFO [main] org.apache.catalina.startup.HostConfig.deployDirectory Deployment of web application directory [/Users/macbookpro/Desktop/Module3/Tomcat/webapps/manager] has finished in [24] ms
03-Nov-2020 09:45:08.124 INFO [main] org.apache.catalina.startup.HostConfig.deployDirectory Deploying web application directory [/Users/macbookpro/Desktop/Module3/Tomcat/webapps/examples]
03-Nov-2020 09:45:08.331 INFO [main] org.apache.catalina.startup.HostConfig.deployDirectory Deployment of web application directory [/Users/macbookpro/Desktop/Module3/Tomcat/webapps/examples] has finished in [207] ms
03-Nov-2020 09:45:08.331 INFO [main] org.apache.catalina.startup.HostConfig.deployDirectory Deploying web application directory [/Users/macbookpro/Desktop/Module3/Tomcat/webapps/ROOT]
03-Nov-2020 09:45:08.348 INFO [main] org.apache.catalina.startup.HostConfig.deployDirectory Deployment of web application directory [/Users/macbookpro/Desktop/Module3/Tomcat/webapps/ROOT] has finished in [17] ms
03-Nov-2020 09:45:08.348 INFO [main] org.apache.catalina.startup.HostConfig.deployDirectory Deploying web application directory [/Users/macbookpro/Desktop/Module3/Tomcat/webapps/host-manager]
03-Nov-2020 09:45:08.366 INFO [main] org.apache.catalina.startup.HostConfig.deployDirectory Deployment of web application directory [/Users/macbookpro/Desktop/Module3/Tomcat/webapps/host-manager] has finished in [18] ms
03-Nov-2020 09:45:08.369 INFO [main] org.apache.coyote.AbstractProtocol.start Starting ProtocolHandler ["http-nio-8080"]
03-Nov-2020 09:45:08.374 INFO [main] org.apache.catalina.startup.Catalina.start Server startup in [474] milliseconds
03-Nov-2020 10:33:25.952 WARNING [main] org.apache.catalina.core.StandardServer.await Invalid shutdown command [] received
03-Nov-2020 10:34:38.787 WARNING [main] org.apache.catalina.core.StandardServer.await Invalid shutdown command [] received
03-Nov-2020 10:37:21.038 WARNING [main] org.apache.catalina.core.StandardServer.await Invalid shutdown command [] received
03-Nov-2020 10:43:01.629 WARNING [main] org.apache.catalina.core.StandardServer.await Invalid shutdown command [] received
03-Nov-2020 10:43:40.518 WARNING [main] org.apache.catalina.core.StandardServer.await Invalid shutdown command [] received
03-Nov-2020 10:56:08.407 WARNING [main] org.apache.catalina.core.StandardServer.await Invalid shutdown command [] received
03-Nov-2020 10:56:41.155 WARNING [main] org.apache.catalina.core.StandardServer.await Invalid shutdown command [] received
03-Nov-2020 10:59:33.904 WARNING [main] org.apache.catalina.core.StandardServer.await Invalid shutdown command [] received
NOTE: Picked up JDK_JAVA_OPTIONS:  --add-opens=java.base/java.lang=ALL-UNNAMED --add-opens=java.base/java.io=ALL-UNNAMED --add-opens=java.rmi/sun.rmi.transport=ALL-UNNAMED
03-Nov-2020 11:04:27.693 INFO [main] org.apache.catalina.startup.VersionLoggerListener.log Server version name:   Apache Tomcat/9.0.39
03-Nov-2020 11:04:27.696 INFO [main] org.apache.catalina.startup.VersionLoggerListener.log Server built:          Oct 6 2020 14:11:46 UTC
03-Nov-2020 11:04:27.696 INFO [main] org.apache.catalina.startup.VersionLoggerListener.log Server version number: 9.0.39.0
03-Nov-2020 11:04:27.697 INFO [main] org.apache.catalina.startup.VersionLoggerListener.log OS Name:               Mac OS X
03-Nov-2020 11:04:27.697 INFO [main] org.apache.catalina.startup.VersionLoggerListener.log OS Version:            10.15.7
03-Nov-2020 11:04:27.697 INFO [main] org.apache.catalina.startup.VersionLoggerListener.log Architecture:          x86_64
03-Nov-2020 11:04:27.697 INFO [main] org.apache.catalina.startup.VersionLoggerListener.log Java Home:             /Users/macbookpro/Library/Java/JavaVirtualMachines/openjdk-15.0.1/Contents/Home
03-Nov-2020 11:04:27.697 INFO [main] org.apache.catalina.startup.VersionLoggerListener.log JVM Version:           15.0.1+9-18
03-Nov-2020 11:04:27.697 INFO [main] org.apache.catalina.startup.VersionLoggerListener.log JVM Vendor:            Oracle Corporation
03-Nov-2020 11:04:27.697 INFO [main] org.apache.catalina.startup.VersionLoggerListener.log CATALINA_BASE:         /Users/macbookpro/Desktop/Module3/Tomcat
03-Nov-2020 11:04:27.697 INFO [main] org.apache.catalina.startup.VersionLoggerListener.log CATALINA_HOME:         /Users/macbookpro/Desktop/Module3/Tomcat
03-Nov-2020 11:04:27.723 INFO [main] org.apache.catalina.startup.VersionLoggerListener.log Command line argument: --add-opens=java.base/java.lang=ALL-UNNAMED
03-Nov-2020 11:04:27.724 INFO [main] org.apache.catalina.startup.VersionLoggerListener.log Command line argument: --add-opens=java.base/java.io=ALL-UNNAMED
03-Nov-2020 11:04:27.724 INFO [main] org.apache.catalina.startup.VersionLoggerListener.log Command line argument: --add-opens=java.rmi/sun.rmi.transport=ALL-UNNAMED
03-Nov-2020 11:04:27.724 INFO [main] org.apache.catalina.startup.VersionLoggerListener.log Command line argument: -Djava.util.logging.config.file=/Users/macbookpro/Desktop/Module3/Tomcat/conf/logging.properties
03-Nov-2020 11:04:27.724 INFO [main] org.apache.catalina.startup.VersionLoggerListener.log Command line argument: -Djava.util.logging.manager=org.apache.juli.ClassLoaderLogManager
03-Nov-2020 11:04:27.724 INFO [main] org.apache.catalina.startup.VersionLoggerListener.log Command line argument: -Djdk.tls.ephemeralDHKeySize=2048
03-Nov-2020 11:04:27.724 INFO [main] org.apache.catalina.startup.VersionLoggerListener.log Command line argument: -Djava.protocol.handler.pkgs=org.apache.catalina.webresources
03-Nov-2020 11:04:27.724 INFO [main] org.apache.catalina.startup.VersionLoggerListener.log Command line argument: -Dorg.apache.catalina.security.SecurityListener.UMASK=0027
03-Nov-2020 11:04:27.724 INFO [main] org.apache.catalina.startup.VersionLoggerListener.log Command line argument: -Dignore.endorsed.dirs=
03-Nov-2020 11:04:27.724 INFO [main] org.apache.catalina.startup.VersionLoggerListener.log Command line argument: -Dcatalina.base=/Users/macbookpro/Desktop/Module3/Tomcat
03-Nov-2020 11:04:27.725 INFO [main] org.apache.catalina.startup.VersionLoggerListener.log Command line argument: -Dcatalina.home=/Users/macbookpro/Desktop/Module3/Tomcat
03-Nov-2020 11:04:27.725 INFO [main] org.apache.catalina.startup.VersionLoggerListener.log Command line argument: -Djava.io.tmpdir=/Users/macbookpro/Desktop/Module3/Tomcat/temp
03-Nov-2020 11:04:27.726 INFO [main] org.apache.catalina.core.AprLifecycleListener.lifecycleEvent The Apache Tomcat Native library which allows using OpenSSL was not found on the java.library.path: [/Users/macbookpro/Library/Java/Extensions:/Library/Java/Extensions:/Network/Library/Java/Extensions:/System/Library/Java/Extensions:/usr/lib/java:.]
03-Nov-2020 11:04:27.953 INFO [main] org.apache.coyote.AbstractProtocol.init Initializing ProtocolHandler ["http-nio-8080"]
03-Nov-2020 11:04:27.988 SEVERE [main] org.apache.catalina.util.LifecycleBase.handleSubClassException Failed to initialize component [Connector[HTTP/1.1-8080]]
	org.apache.catalina.LifecycleException: Protocol handler initialization failed
		at org.apache.catalina.connector.Connector.initInternal(Connector.java:1042)
		at org.apache.catalina.util.LifecycleBase.init(LifecycleBase.java:136)
		at org.apache.catalina.core.StandardService.initInternal(StandardService.java:533)
		at org.apache.catalina.util.LifecycleBase.init(LifecycleBase.java:136)
		at org.apache.catalina.core.StandardServer.initInternal(StandardServer.java:1057)
		at org.apache.catalina.util.LifecycleBase.init(LifecycleBase.java:136)
		at org.apache.catalina.startup.Catalina.load(Catalina.java:724)
		at org.apache.catalina.startup.Catalina.load(Catalina.java:746)
		at java.base/jdk.internal.reflect.NativeMethodAccessorImpl.invoke0(Native Method)
		at java.base/jdk.internal.reflect.NativeMethodAccessorImpl.invoke(NativeMethodAccessorImpl.java:64)
		at java.base/jdk.internal.reflect.DelegatingMethodAccessorImpl.invoke(DelegatingMethodAccessorImpl.java:43)
		at java.base/java.lang.reflect.Method.invoke(Method.java:564)
		at org.apache.catalina.startup.Bootstrap.load(Bootstrap.java:302)
		at org.apache.catalina.startup.Bootstrap.main(Bootstrap.java:472)
	Caused by: java.net.BindException: Address already in use
		at java.base/sun.nio.ch.Net.bind0(Native Method)
		at java.base/sun.nio.ch.Net.bind(Net.java:550)
		at java.base/sun.nio.ch.ServerSocketChannelImpl.bind(ServerSocketChannelImpl.java:249)
		at java.base/sun.nio.ch.ServerSocketAdaptor.bind(ServerSocketAdaptor.java:88)
		at org.apache.tomcat.util.net.NioEndpoint.initServerSocket(NioEndpoint.java:228)
		at org.apache.tomcat.util.net.NioEndpoint.bind(NioEndpoint.java:211)
		at org.apache.tomcat.util.net.AbstractEndpoint.bindWithCleanup(AbstractEndpoint.java:1141)
		at org.apache.tomcat.util.net.AbstractEndpoint.init(AbstractEndpoint.java:1154)
		at org.apache.coyote.AbstractProtocol.init(AbstractProtocol.java:581)
		at org.apache.coyote.http11.AbstractHttp11Protocol.init(AbstractHttp11Protocol.java:75)
		at org.apache.catalina.connector.Connector.initInternal(Connector.java:1039)
		... 13 more
03-Nov-2020 11:04:27.988 INFO [main] org.apache.catalina.startup.Catalina.load Server initialization in [425] milliseconds
03-Nov-2020 11:04:28.014 INFO [main] org.apache.catalina.core.StandardService.startInternal Starting service [Catalina]
03-Nov-2020 11:04:28.014 INFO [main] org.apache.catalina.core.StandardEngine.startInternal Starting Servlet engine: [Apache Tomcat/9.0.39]
03-Nov-2020 11:04:28.018 INFO [main] org.apache.catalina.startup.HostConfig.deployDirectory Deploying web application directory [/Users/macbookpro/Desktop/Module3/Tomcat/webapps/docs]
03-Nov-2020 11:04:28.185 INFO [main] org.apache.catalina.startup.HostConfig.deployDirectory Deployment of web application directory [/Users/macbookpro/Desktop/Module3/Tomcat/webapps/docs] has finished in [166] ms
03-Nov-2020 11:04:28.185 INFO [main] org.apache.catalina.startup.HostConfig.deployDirectory Deploying web application directory [/Users/macbookpro/Desktop/Module3/Tomcat/webapps/manager]
03-Nov-2020 11:04:28.210 INFO [main] org.apache.catalina.startup.HostConfig.deployDirectory Deployment of web application directory [/Users/macbookpro/Desktop/Module3/Tomcat/webapps/manager] has finished in [25] ms
03-Nov-2020 11:04:28.210 INFO [main] org.apache.catalina.startup.HostConfig.deployDirectory Deploying web application directory [/Users/macbookpro/Desktop/Module3/Tomcat/webapps/examples]
03-Nov-2020 11:04:28.409 INFO [main] org.apache.catalina.startup.HostConfig.deployDirectory Deployment of web application directory [/Users/macbookpro/Desktop/Module3/Tomcat/webapps/examples] has finished in [199] ms
03-Nov-2020 11:04:28.409 INFO [main] org.apache.catalina.startup.HostConfig.deployDirectory Deploying web application directory [/Users/macbookpro/Desktop/Module3/Tomcat/webapps/ROOT]
03-Nov-2020 11:04:28.428 INFO [main] org.apache.catalina.startup.HostConfig.deployDirectory Deployment of web application directory [/Users/macbookpro/Desktop/Module3/Tomcat/webapps/ROOT] has finished in [18] ms
03-Nov-2020 11:04:28.428 INFO [main] org.apache.catalina.startup.HostConfig.deployDirectory Deploying web application directory [/Users/macbookpro/Desktop/Module3/Tomcat/webapps/host-manager]
03-Nov-2020 11:04:28.447 INFO [main] org.apache.catalina.startup.HostConfig.deployDirectory Deployment of web application directory [/Users/macbookpro/Desktop/Module3/Tomcat/webapps/host-manager] has finished in [19] ms
03-Nov-2020 11:04:28.450 INFO [main] org.apache.catalina.startup.Catalina.start Server startup in [461] milliseconds
03-Nov-2020 11:04:28.455 SEVERE [main] org.apache.catalina.core.StandardServer.await Failed to create server shutdown socket on address [localhost] and port [8005] (base port [8005] and offset [0])
	java.net.BindException: Address already in use
		at java.base/sun.nio.ch.Net.bind0(Native Method)
		at java.base/sun.nio.ch.Net.bind(Net.java:550)
		at java.base/sun.nio.ch.Net.bind(Net.java:539)
		at java.base/sun.nio.ch.NioSocketImpl.bind(NioSocketImpl.java:643)
		at java.base/java.net.ServerSocket.bind(ServerSocket.java:396)
		at java.base/java.net.ServerSocket.<init>(ServerSocket.java:282)
		at org.apache.catalina.core.StandardServer.await(StandardServer.java:584)
		at org.apache.catalina.startup.Catalina.await(Catalina.java:864)
		at org.apache.catalina.startup.Catalina.start(Catalina.java:810)
		at java.base/jdk.internal.reflect.NativeMethodAccessorImpl.invoke0(Native Method)
		at java.base/jdk.internal.reflect.NativeMethodAccessorImpl.invoke(NativeMethodAccessorImpl.java:64)
		at java.base/jdk.internal.reflect.DelegatingMethodAccessorImpl.invoke(DelegatingMethodAccessorImpl.java:43)
		at java.base/java.lang.reflect.Method.invoke(Method.java:564)
		at org.apache.catalina.startup.Bootstrap.start(Bootstrap.java:342)
		at org.apache.catalina.startup.Bootstrap.main(Bootstrap.java:473)
03-Nov-2020 11:04:28.455 INFO [main] org.apache.coyote.AbstractProtocol.pause Pausing ProtocolHandler ["http-nio-8080"]
03-Nov-2020 11:04:28.455 INFO [main] org.apache.catalina.core.StandardService.stopInternal Stopping service [Catalina]
03-Nov-2020 11:04:28.469 INFO [main] org.apache.coyote.AbstractProtocol.stop Stopping ProtocolHandler ["http-nio-8080"]
03-Nov-2020 11:04:28.469 INFO [main] org.apache.coyote.AbstractProtocol.destroy Destroying ProtocolHandler ["http-nio-8080"]
03-Nov-2020 11:06:15.482 INFO [main] org.apache.catalina.core.StandardServer.await A valid shutdown command was received via the shutdown port. Stopping the Server instance.
03-Nov-2020 11:06:15.483 INFO [main] org.apache.coyote.AbstractProtocol.pause Pausing ProtocolHandler ["http-nio-8080"]
03-Nov-2020 11:06:15.486 INFO [main] org.apache.catalina.core.StandardService.stopInternal Stopping service [Catalina]
03-Nov-2020 11:06:15.502 INFO [main] org.apache.coyote.AbstractProtocol.stop Stopping ProtocolHandler ["http-nio-8080"]
03-Nov-2020 11:06:15.543 INFO [main] org.apache.coyote.AbstractProtocol.destroy Destroying ProtocolHandler ["http-nio-8080"]
NOTE: Picked up JDK_JAVA_OPTIONS:  --add-opens=java.base/java.lang=ALL-UNNAMED --add-opens=java.base/java.io=ALL-UNNAMED --add-opens=java.rmi/sun.rmi.transport=ALL-UNNAMED
03-Nov-2020 11:06:32.811 INFO [main] org.apache.catalina.startup.VersionLoggerListener.log Server version name:   Apache Tomcat/9.0.39
03-Nov-2020 11:06:32.814 INFO [main] org.apache.catalina.startup.VersionLoggerListener.log Server built:          Oct 6 2020 14:11:46 UTC
03-Nov-2020 11:06:32.814 INFO [main] org.apache.catalina.startup.VersionLoggerListener.log Server version number: 9.0.39.0
03-Nov-2020 11:06:32.814 INFO [main] org.apache.catalina.startup.VersionLoggerListener.log OS Name:               Mac OS X
03-Nov-2020 11:06:32.814 INFO [main] org.apache.catalina.startup.VersionLoggerListener.log OS Version:            10.15.7
03-Nov-2020 11:06:32.814 INFO [main] org.apache.catalina.startup.VersionLoggerListener.log Architecture:          x86_64
03-Nov-2020 11:06:32.815 INFO [main] org.apache.catalina.startup.VersionLoggerListener.log Java Home:             /Users/macbookpro/Library/Java/JavaVirtualMachines/openjdk-15.0.1/Contents/Home
03-Nov-2020 11:06:32.815 INFO [main] org.apache.catalina.startup.VersionLoggerListener.log JVM Version:           15.0.1+9-18
03-Nov-2020 11:06:32.815 INFO [main] org.apache.catalina.startup.VersionLoggerListener.log JVM Vendor:            Oracle Corporation
03-Nov-2020 11:06:32.815 INFO [main] org.apache.catalina.startup.VersionLoggerListener.log CATALINA_BASE:         /Users/macbookpro/Desktop/Module3/Tomcat
03-Nov-2020 11:06:32.815 INFO [main] org.apache.catalina.startup.VersionLoggerListener.log CATALINA_HOME:         /Users/macbookpro/Desktop/Module3/Tomcat
03-Nov-2020 11:06:32.827 INFO [main] org.apache.catalina.startup.VersionLoggerListener.log Command line argument: --add-opens=java.base/java.lang=ALL-UNNAMED
03-Nov-2020 11:06:32.827 INFO [main] org.apache.catalina.startup.VersionLoggerListener.log Command line argument: --add-opens=java.base/java.io=ALL-UNNAMED
03-Nov-2020 11:06:32.827 INFO [main] org.apache.catalina.startup.VersionLoggerListener.log Command line argument: --add-opens=java.rmi/sun.rmi.transport=ALL-UNNAMED
03-Nov-2020 11:06:32.827 INFO [main] org.apache.catalina.startup.VersionLoggerListener.log Command line argument: -Djava.util.logging.config.file=/Users/macbookpro/Desktop/Module3/Tomcat/conf/logging.properties
03-Nov-2020 11:06:32.827 INFO [main] org.apache.catalina.startup.VersionLoggerListener.log Command line argument: -Djava.util.logging.manager=org.apache.juli.ClassLoaderLogManager
03-Nov-2020 11:06:32.828 INFO [main] org.apache.catalina.startup.VersionLoggerListener.log Command line argument: -Djdk.tls.ephemeralDHKeySize=2048
03-Nov-2020 11:06:32.828 INFO [main] org.apache.catalina.startup.VersionLoggerListener.log Command line argument: -Djava.protocol.handler.pkgs=org.apache.catalina.webresources
03-Nov-2020 11:06:32.828 INFO [main] org.apache.catalina.startup.VersionLoggerListener.log Command line argument: -Dorg.apache.catalina.security.SecurityListener.UMASK=0027
03-Nov-2020 11:06:32.828 INFO [main] org.apache.catalina.startup.VersionLoggerListener.log Command line argument: -Dignore.endorsed.dirs=
03-Nov-2020 11:06:32.828 INFO [main] org.apache.catalina.startup.VersionLoggerListener.log Command line argument: -Dcatalina.base=/Users/macbookpro/Desktop/Module3/Tomcat
03-Nov-2020 11:06:32.828 INFO [main] org.apache.catalina.startup.VersionLoggerListener.log Command line argument: -Dcatalina.home=/Users/macbookpro/Desktop/Module3/Tomcat
03-Nov-2020 11:06:32.828 INFO [main] org.apache.catalina.startup.VersionLoggerListener.log Command line argument: -Djava.io.tmpdir=/Users/macbookpro/Desktop/Module3/Tomcat/temp
03-Nov-2020 11:06:32.829 INFO [main] org.apache.catalina.core.AprLifecycleListener.lifecycleEvent The Apache Tomcat Native library which allows using OpenSSL was not found on the java.library.path: [/Users/macbookpro/Library/Java/Extensions:/Library/Java/Extensions:/Network/Library/Java/Extensions:/System/Library/Java/Extensions:/usr/lib/java:.]
03-Nov-2020 11:06:33.063 INFO [main] org.apache.coyote.AbstractProtocol.init Initializing ProtocolHandler ["http-nio-8080"]
03-Nov-2020 11:06:33.100 INFO [main] org.apache.catalina.startup.Catalina.load Server initialization in [424] milliseconds
03-Nov-2020 11:06:33.128 INFO [main] org.apache.catalina.core.StandardService.startInternal Starting service [Catalina]
03-Nov-2020 11:06:33.128 INFO [main] org.apache.catalina.core.StandardEngine.startInternal Starting Servlet engine: [Apache Tomcat/9.0.39]
03-Nov-2020 11:06:33.133 INFO [main] org.apache.catalina.startup.HostConfig.deployDirectory Deploying web application directory [/Users/macbookpro/Desktop/Module3/Tomcat/webapps/docs]
03-Nov-2020 11:06:33.294 INFO [main] org.apache.catalina.startup.HostConfig.deployDirectory Deployment of web application directory [/Users/macbookpro/Desktop/Module3/Tomcat/webapps/docs] has finished in [160] ms
03-Nov-2020 11:06:33.294 INFO [main] org.apache.catalina.startup.HostConfig.deployDirectory Deploying web application directory [/Users/macbookpro/Desktop/Module3/Tomcat/webapps/manager]
03-Nov-2020 11:06:33.321 INFO [main] org.apache.catalina.startup.HostConfig.deployDirectory Deployment of web application directory [/Users/macbookpro/Desktop/Module3/Tomcat/webapps/manager] has finished in [27] ms
03-Nov-2020 11:06:33.321 INFO [main] org.apache.catalina.startup.HostConfig.deployDirectory Deploying web application directory [/Users/macbookpro/Desktop/Module3/Tomcat/webapps/examples]
03-Nov-2020 11:06:33.510 INFO [main] org.apache.catalina.startup.HostConfig.deployDirectory Deployment of web application directory [/Users/macbookpro/Desktop/Module3/Tomcat/webapps/examples] has finished in [189] ms
03-Nov-2020 11:06:33.510 INFO [main] org.apache.catalina.startup.HostConfig.deployDirectory Deploying web application directory [/Users/macbookpro/Desktop/Module3/Tomcat/webapps/ROOT]
03-Nov-2020 11:06:33.523 INFO [main] org.apache.catalina.startup.HostConfig.deployDirectory Deployment of web application directory [/Users/macbookpro/Desktop/Module3/Tomcat/webapps/ROOT] has finished in [13] ms
03-Nov-2020 11:06:33.523 INFO [main] org.apache.catalina.startup.HostConfig.deployDirectory Deploying web application directory [/Users/macbookpro/Desktop/Module3/Tomcat/webapps/host-manager]
03-Nov-2020 11:06:33.537 INFO [main] org.apache.catalina.startup.HostConfig.deployDirectory Deployment of web application directory [/Users/macbookpro/Desktop/Module3/Tomcat/webapps/host-manager] has finished in [13] ms
03-Nov-2020 11:06:33.539 INFO [main] org.apache.coyote.AbstractProtocol.start Starting ProtocolHandler ["http-nio-8080"]
03-Nov-2020 11:06:33.543 INFO [main] org.apache.catalina.startup.Catalina.start Server startup in [442] milliseconds
03-Nov-2020 11:39:14.308 INFO [Catalina-utility-2] org.apache.catalina.users.MemoryUserDatabase.backgroundProcess Reloading memory user database [UserDatabase] from updated source [file:/Users/macbookpro/Desktop/Module3/Tomcat/conf/tomcat-users.xml]
03-Nov-2020 11:41:57.852 INFO [main] org.apache.catalina.core.StandardServer.await A valid shutdown command was received via the shutdown port. Stopping the Server instance.
03-Nov-2020 11:41:57.853 INFO [main] org.apache.coyote.AbstractProtocol.pause Pausing ProtocolHandler ["http-nio-8080"]
03-Nov-2020 11:41:57.856 INFO [main] org.apache.catalina.core.StandardService.stopInternal Stopping service [Catalina]
03-Nov-2020 11:41:57.870 INFO [main] org.apache.coyote.AbstractProtocol.stop Stopping ProtocolHandler ["http-nio-8080"]
03-Nov-2020 11:41:57.914 INFO [main] org.apache.coyote.AbstractProtocol.destroy Destroying ProtocolHandler ["http-nio-8080"]
NOTE: Picked up JDK_JAVA_OPTIONS:  --add-opens=java.base/java.lang=ALL-UNNAMED --add-opens=java.base/java.io=ALL-UNNAMED --add-opens=java.rmi/sun.rmi.transport=ALL-UNNAMED
03-Nov-2020 11:45:07.642 INFO [main] org.apache.catalina.startup.VersionLoggerListener.log Server version name:   Apache Tomcat/9.0.39
03-Nov-2020 11:45:07.645 INFO [main] org.apache.catalina.startup.VersionLoggerListener.log Server built:          Oct 6 2020 14:11:46 UTC
03-Nov-2020 11:45:07.645 INFO [main] org.apache.catalina.startup.VersionLoggerListener.log Server version number: 9.0.39.0
03-Nov-2020 11:45:07.645 INFO [main] org.apache.catalina.startup.VersionLoggerListener.log OS Name:               Mac OS X
03-Nov-2020 11:45:07.645 INFO [main] org.apache.catalina.startup.VersionLoggerListener.log OS Version:            10.15.7
03-Nov-2020 11:45:07.645 INFO [main] org.apache.catalina.startup.VersionLoggerListener.log Architecture:          x86_64
03-Nov-2020 11:45:07.645 INFO [main] org.apache.catalina.startup.VersionLoggerListener.log Java Home:             /Users/macbookpro/Library/Java/JavaVirtualMachines/openjdk-15.0.1/Contents/Home
03-Nov-2020 11:45:07.645 INFO [main] org.apache.catalina.startup.VersionLoggerListener.log JVM Version:           15.0.1+9-18
03-Nov-2020 11:45:07.646 INFO [main] org.apache.catalina.startup.VersionLoggerListener.log JVM Vendor:            Oracle Corporation
03-Nov-2020 11:45:07.646 INFO [main] org.apache.catalina.startup.VersionLoggerListener.log CATALINA_BASE:         /Users/macbookpro/Desktop/Module3/Tomcat
03-Nov-2020 11:45:07.646 INFO [main] org.apache.catalina.startup.VersionLoggerListener.log CATALINA_HOME:         /Users/macbookpro/Desktop/Module3/Tomcat
03-Nov-2020 11:45:07.658 INFO [main] org.apache.catalina.startup.VersionLoggerListener.log Command line argument: --add-opens=java.base/java.lang=ALL-UNNAMED
03-Nov-2020 11:45:07.658 INFO [main] org.apache.catalina.startup.VersionLoggerListener.log Command line argument: --add-opens=java.base/java.io=ALL-UNNAMED
03-Nov-2020 11:45:07.658 INFO [main] org.apache.catalina.startup.VersionLoggerListener.log Command line argument: --add-opens=java.rmi/sun.rmi.transport=ALL-UNNAMED
03-Nov-2020 11:45:07.658 INFO [main] org.apache.catalina.startup.VersionLoggerListener.log Command line argument: -Djava.util.logging.config.file=/Users/macbookpro/Desktop/Module3/Tomcat/conf/logging.properties
03-Nov-2020 11:45:07.658 INFO [main] org.apache.catalina.startup.VersionLoggerListener.log Command line argument: -Djava.util.logging.manager=org.apache.juli.ClassLoaderLogManager
03-Nov-2020 11:45:07.659 INFO [main] org.apache.catalina.startup.VersionLoggerListener.log Command line argument: -Djdk.tls.ephemeralDHKeySize=2048
03-Nov-2020 11:45:07.659 INFO [main] org.apache.catalina.startup.VersionLoggerListener.log Command line argument: -Djava.protocol.handler.pkgs=org.apache.catalina.webresources
03-Nov-2020 11:45:07.659 INFO [main] org.apache.catalina.startup.VersionLoggerListener.log Command line argument: -Dorg.apache.catalina.security.SecurityListener.UMASK=0027
03-Nov-2020 11:45:07.659 INFO [main] org.apache.catalina.startup.VersionLoggerListener.log Command line argument: -Dignore.endorsed.dirs=
03-Nov-2020 11:45:07.659 INFO [main] org.apache.catalina.startup.VersionLoggerListener.log Command line argument: -Dcatalina.base=/Users/macbookpro/Desktop/Module3/Tomcat
03-Nov-2020 11:45:07.659 INFO [main] org.apache.catalina.startup.VersionLoggerListener.log Command line argument: -Dcatalina.home=/Users/macbookpro/Desktop/Module3/Tomcat
03-Nov-2020 11:45:07.659 INFO [main] org.apache.catalina.startup.VersionLoggerListener.log Command line argument: -Djava.io.tmpdir=/Users/macbookpro/Desktop/Module3/Tomcat/temp
03-Nov-2020 11:45:07.661 INFO [main] org.apache.catalina.core.AprLifecycleListener.lifecycleEvent The Apache Tomcat Native library which allows using OpenSSL was not found on the java.library.path: [/Users/macbookpro/Library/Java/Extensions:/Library/Java/Extensions:/Network/Library/Java/Extensions:/System/Library/Java/Extensions:/usr/lib/java:.]
03-Nov-2020 11:45:07.885 INFO [main] org.apache.coyote.AbstractProtocol.init Initializing ProtocolHandler ["http-nio-8080"]
03-Nov-2020 11:45:07.933 INFO [main] org.apache.catalina.startup.Catalina.load Server initialization in [420] milliseconds
03-Nov-2020 11:45:07.962 INFO [main] org.apache.catalina.core.StandardService.startInternal Starting service [Catalina]
03-Nov-2020 11:45:07.962 INFO [main] org.apache.catalina.core.StandardEngine.startInternal Starting Servlet engine: [Apache Tomcat/9.0.39]
03-Nov-2020 11:45:07.966 INFO [main] org.apache.catalina.startup.HostConfig.deployDirectory Deploying web application directory [/Users/macbookpro/Desktop/Module3/Tomcat/webapps/docs]
03-Nov-2020 11:45:08.128 INFO [main] org.apache.catalina.startup.HostConfig.deployDirectory Deployment of web application directory [/Users/macbookpro/Desktop/Module3/Tomcat/webapps/docs] has finished in [162] ms
03-Nov-2020 11:45:08.128 INFO [main] org.apache.catalina.startup.HostConfig.deployDirectory Deploying web application directory [/Users/macbookpro/Desktop/Module3/Tomcat/webapps/manager]
03-Nov-2020 11:45:08.154 INFO [main] org.apache.catalina.startup.HostConfig.deployDirectory Deployment of web application directory [/Users/macbookpro/Desktop/Module3/Tomcat/webapps/manager] has finished in [26] ms
03-Nov-2020 11:45:08.154 INFO [main] org.apache.catalina.startup.HostConfig.deployDirectory Deploying web application directory [/Users/macbookpro/Desktop/Module3/Tomcat/webapps/examples]
03-Nov-2020 11:45:08.343 INFO [main] org.apache.catalina.startup.HostConfig.deployDirectory Deployment of web application directory [/Users/macbookpro/Desktop/Module3/Tomcat/webapps/examples] has finished in [189] ms
03-Nov-2020 11:45:08.344 INFO [main] org.apache.catalina.startup.HostConfig.deployDirectory Deploying web application directory [/Users/macbookpro/Desktop/Module3/Tomcat/webapps/ROOT]
03-Nov-2020 11:45:08.358 INFO [main] org.apache.catalina.startup.HostConfig.deployDirectory Deployment of web application directory [/Users/macbookpro/Desktop/Module3/Tomcat/webapps/ROOT] has finished in [15] ms
03-Nov-2020 11:45:08.358 INFO [main] org.apache.catalina.startup.HostConfig.deployDirectory Deploying web application directory [/Users/macbookpro/Desktop/Module3/Tomcat/webapps/host-manager]
03-Nov-2020 11:45:08.373 INFO [main] org.apache.catalina.startup.HostConfig.deployDirectory Deployment of web application directory [/Users/macbookpro/Desktop/Module3/Tomcat/webapps/host-manager] has finished in [15] ms
03-Nov-2020 11:45:08.376 INFO [main] org.apache.coyote.AbstractProtocol.start Starting ProtocolHandler ["http-nio-8080"]
03-Nov-2020 11:45:08.381 INFO [main] org.apache.catalina.startup.Catalina.start Server startup in [447] milliseconds
03-Nov-2020 11:47:10.788 INFO [main] org.apache.catalina.core.StandardServer.await A valid shutdown command was received via the shutdown port. Stopping the Server instance.
03-Nov-2020 11:47:10.789 INFO [main] org.apache.coyote.AbstractProtocol.pause Pausing ProtocolHandler ["http-nio-8080"]
03-Nov-2020 11:47:10.792 INFO [main] org.apache.catalina.core.StandardService.stopInternal Stopping service [Catalina]
03-Nov-2020 11:47:10.807 INFO [main] org.apache.coyote.AbstractProtocol.stop Stopping ProtocolHandler ["http-nio-8080"]
03-Nov-2020 11:47:10.847 INFO [main] org.apache.coyote.AbstractProtocol.destroy Destroying ProtocolHandler ["http-nio-8080"]
NOTE: Picked up JDK_JAVA_OPTIONS:  --add-opens=java.base/java.lang=ALL-UNNAMED --add-opens=java.base/java.io=ALL-UNNAMED --add-opens=java.rmi/sun.rmi.transport=ALL-UNNAMED
03-Nov-2020 11:50:54.816 INFO [main] org.apache.catalina.startup.VersionLoggerListener.log Server version name:   Apache Tomcat/9.0.39
03-Nov-2020 11:50:54.819 INFO [main] org.apache.catalina.startup.VersionLoggerListener.log Server built:          Oct 6 2020 14:11:46 UTC
03-Nov-2020 11:50:54.819 INFO [main] org.apache.catalina.startup.VersionLoggerListener.log Server version number: 9.0.39.0
03-Nov-2020 11:50:54.819 INFO [main] org.apache.catalina.startup.VersionLoggerListener.log OS Name:               Mac OS X
03-Nov-2020 11:50:54.820 INFO [main] org.apache.catalina.startup.VersionLoggerListener.log OS Version:            10.15.7
03-Nov-2020 11:50:54.820 INFO [main] org.apache.catalina.startup.VersionLoggerListener.log Architecture:          x86_64
03-Nov-2020 11:50:54.820 INFO [main] org.apache.catalina.startup.VersionLoggerListener.log Java Home:             /Users/macbookpro/Library/Java/JavaVirtualMachines/openjdk-15.0.1/Contents/Home
03-Nov-2020 11:50:54.820 INFO [main] org.apache.catalina.startup.VersionLoggerListener.log JVM Version:           15.0.1+9-18
03-Nov-2020 11:50:54.820 INFO [main] org.apache.catalina.startup.VersionLoggerListener.log JVM Vendor:            Oracle Corporation
03-Nov-2020 11:50:54.820 INFO [main] org.apache.catalina.startup.VersionLoggerListener.log CATALINA_BASE:         /Users/macbookpro/Desktop/Module3/Tomcat
03-Nov-2020 11:50:54.820 INFO [main] org.apache.catalina.startup.VersionLoggerListener.log CATALINA_HOME:         /Users/macbookpro/Desktop/Module3/Tomcat
03-Nov-2020 11:50:54.831 INFO [main] org.apache.catalina.startup.VersionLoggerListener.log Command line argument: --add-opens=java.base/java.lang=ALL-UNNAMED
03-Nov-2020 11:50:54.832 INFO [main] org.apache.catalina.startup.VersionLoggerListener.log Command line argument: --add-opens=java.base/java.io=ALL-UNNAMED
03-Nov-2020 11:50:54.832 INFO [main] org.apache.catalina.startup.VersionLoggerListener.log Command line argument: --add-opens=java.rmi/sun.rmi.transport=ALL-UNNAMED
03-Nov-2020 11:50:54.832 INFO [main] org.apache.catalina.startup.VersionLoggerListener.log Command line argument: -Djava.util.logging.config.file=/Users/macbookpro/Desktop/Module3/Tomcat/conf/logging.properties
03-Nov-2020 11:50:54.832 INFO [main] org.apache.catalina.startup.VersionLoggerListener.log Command line argument: -Djava.util.logging.manager=org.apache.juli.ClassLoaderLogManager
03-Nov-2020 11:50:54.832 INFO [main] org.apache.catalina.startup.VersionLoggerListener.log Command line argument: -Djdk.tls.ephemeralDHKeySize=2048
03-Nov-2020 11:50:54.832 INFO [main] org.apache.catalina.startup.VersionLoggerListener.log Command line argument: -Djava.protocol.handler.pkgs=org.apache.catalina.webresources
03-Nov-2020 11:50:54.832 INFO [main] org.apache.catalina.startup.VersionLoggerListener.log Command line argument: -Dorg.apache.catalina.security.SecurityListener.UMASK=0027
03-Nov-2020 11:50:54.832 INFO [main] org.apache.catalina.startup.VersionLoggerListener.log Command line argument: -Dignore.endorsed.dirs=
03-Nov-2020 11:50:54.832 INFO [main] org.apache.catalina.startup.VersionLoggerListener.log Command line argument: -Dcatalina.base=/Users/macbookpro/Desktop/Module3/Tomcat
03-Nov-2020 11:50:54.832 INFO [main] org.apache.catalina.startup.VersionLoggerListener.log Command line argument: -Dcatalina.home=/Users/macbookpro/Desktop/Module3/Tomcat
03-Nov-2020 11:50:54.833 INFO [main] org.apache.catalina.startup.VersionLoggerListener.log Command line argument: -Djava.io.tmpdir=/Users/macbookpro/Desktop/Module3/Tomcat/temp
03-Nov-2020 11:50:54.834 INFO [main] org.apache.catalina.core.AprLifecycleListener.lifecycleEvent The Apache Tomcat Native library which allows using OpenSSL was not found on the java.library.path: [/Users/macbookpro/Library/Java/Extensions:/Library/Java/Extensions:/Network/Library/Java/Extensions:/System/Library/Java/Extensions:/usr/lib/java:.]
03-Nov-2020 11:50:55.065 INFO [main] org.apache.coyote.AbstractProtocol.init Initializing ProtocolHandler ["http-nio-8080"]
03-Nov-2020 11:50:55.105 INFO [main] org.apache.catalina.startup.Catalina.load Server initialization in [417] milliseconds
03-Nov-2020 11:50:55.132 INFO [main] org.apache.catalina.core.StandardService.startInternal Starting service [Catalina]
03-Nov-2020 11:50:55.132 INFO [main] org.apache.catalina.core.StandardEngine.startInternal Starting Servlet engine: [Apache Tomcat/9.0.39]
03-Nov-2020 11:50:55.138 INFO [main] org.apache.catalina.startup.HostConfig.deployDirectory Deploying web application directory [/Users/macbookpro/Desktop/Module3/Tomcat/webapps/docs]
03-Nov-2020 11:50:55.305 INFO [main] org.apache.catalina.startup.HostConfig.deployDirectory Deployment of web application directory [/Users/macbookpro/Desktop/Module3/Tomcat/webapps/docs] has finished in [166] ms
03-Nov-2020 11:50:55.305 INFO [main] org.apache.catalina.startup.HostConfig.deployDirectory Deploying web application directory [/Users/macbookpro/Desktop/Module3/Tomcat/webapps/manager]
03-Nov-2020 11:50:55.329 INFO [main] org.apache.catalina.startup.HostConfig.deployDirectory Deployment of web application directory [/Users/macbookpro/Desktop/Module3/Tomcat/webapps/manager] has finished in [23] ms
03-Nov-2020 11:50:55.329 INFO [main] org.apache.catalina.startup.HostConfig.deployDirectory Deploying web application directory [/Users/macbookpro/Desktop/Module3/Tomcat/webapps/examples]
03-Nov-2020 11:50:55.518 INFO [main] org.apache.catalina.startup.HostConfig.deployDirectory Deployment of web application directory [/Users/macbookpro/Desktop/Module3/Tomcat/webapps/examples] has finished in [189] ms
03-Nov-2020 11:50:55.518 INFO [main] org.apache.catalina.startup.HostConfig.deployDirectory Deploying web application directory [/Users/macbookpro/Desktop/Module3/Tomcat/webapps/ROOT]
03-Nov-2020 11:50:55.531 INFO [main] org.apache.catalina.startup.HostConfig.deployDirectory Deployment of web application directory [/Users/macbookpro/Desktop/Module3/Tomcat/webapps/ROOT] has finished in [13] ms
03-Nov-2020 11:50:55.531 INFO [main] org.apache.catalina.startup.HostConfig.deployDirectory Deploying web application directory [/Users/macbookpro/Desktop/Module3/Tomcat/webapps/host-manager]
03-Nov-2020 11:50:55.545 INFO [main] org.apache.catalina.startup.HostConfig.deployDirectory Deployment of web application directory [/Users/macbookpro/Desktop/Module3/Tomcat/webapps/host-manager] has finished in [14] ms
03-Nov-2020 11:50:55.547 INFO [main] org.apache.coyote.AbstractProtocol.start Starting ProtocolHandler ["http-nio-8080"]
03-Nov-2020 11:50:55.552 INFO [main] org.apache.catalina.startup.Catalina.start Server startup in [447] milliseconds
03-Nov-2020 12:07:43.342 WARNING [main] org.apache.catalina.core.StandardServer.await Invalid shutdown command [] received
03-Nov-2020 12:11:26.656 WARNING [main] org.apache.catalina.core.StandardServer.await Invalid shutdown command [] received
03-Nov-2020 12:12:31.606 WARNING [main] org.apache.catalina.core.StandardServer.await Invalid shutdown command [] received
03-Nov-2020 12:59:29.329 WARNING [main] org.apache.catalina.core.StandardServer.await Invalid shutdown command [] received
03-Nov-2020 14:52:12.400 WARNING [main] org.apache.catalina.core.StandardServer.await Invalid shutdown command [] received
03-Nov-2020 14:54:35.284 INFO [main] org.apache.catalina.core.StandardServer.await A valid shutdown command was received via the shutdown port. Stopping the Server instance.
03-Nov-2020 14:54:35.285 INFO [main] org.apache.coyote.AbstractProtocol.pause Pausing ProtocolHandler ["http-nio-8080"]
03-Nov-2020 14:54:35.289 INFO [main] org.apache.catalina.core.StandardService.stopInternal Stopping service [Catalina]
03-Nov-2020 14:54:35.305 INFO [main] org.apache.coyote.AbstractProtocol.stop Stopping ProtocolHandler ["http-nio-8080"]
03-Nov-2020 14:54:35.342 INFO [main] org.apache.coyote.AbstractProtocol.destroy Destroying ProtocolHandler ["http-nio-8080"]
