03-Nov-2020 09:30:41.250 INFO [main] org.apache.catalina.core.ApplicationContext.log ContextListener: contextInitialized()
03-Nov-2020 09:30:41.250 INFO [main] org.apache.catalina.core.ApplicationContext.log SessionListener: contextInitialized()
03-Nov-2020 09:30:41.251 INFO [main] org.apache.catalina.core.ApplicationContext.log ContextListener: attributeAdded('StockTicker', 'async.Stockticker@3fc9dfc5')
03-Nov-2020 09:36:35.410 INFO [main] org.apache.catalina.core.ApplicationContext.log SessionListener: contextDestroyed()
03-Nov-2020 09:36:35.410 INFO [main] org.apache.catalina.core.ApplicationContext.log ContextListener: contextDestroyed()
03-Nov-2020 09:37:15.029 INFO [main] org.apache.catalina.core.ApplicationContext.log ContextListener: contextInitialized()
03-Nov-2020 09:37:15.029 INFO [main] org.apache.catalina.core.ApplicationContext.log SessionListener: contextInitialized()
03-Nov-2020 09:37:15.030 INFO [main] org.apache.catalina.core.ApplicationContext.log ContextListener: attributeAdded('StockTicker', 'async.Stockticker@74cadd41')
03-Nov-2020 09:43:11.811 INFO [main] org.apache.catalina.core.ApplicationContext.log SessionListener: contextDestroyed()
03-Nov-2020 09:43:11.811 INFO [main] org.apache.catalina.core.ApplicationContext.log ContextListener: contextDestroyed()
03-Nov-2020 09:45:08.327 INFO [main] org.apache.catalina.core.ApplicationContext.log ContextListener: contextInitialized()
03-Nov-2020 09:45:08.327 INFO [main] org.apache.catalina.core.ApplicationContext.log SessionListener: contextInitialized()
03-Nov-2020 09:45:08.328 INFO [main] org.apache.catalina.core.ApplicationContext.log ContextListener: attributeAdded('StockTicker', 'async.Stockticker@6ca0256d')
03-Nov-2020 11:04:28.404 INFO [main] org.apache.catalina.core.ApplicationContext.log ContextListener: contextInitialized()
03-Nov-2020 11:04:28.404 INFO [main] org.apache.catalina.core.ApplicationContext.log SessionListener: contextInitialized()
03-Nov-2020 11:04:28.405 INFO [main] org.apache.catalina.core.ApplicationContext.log ContextListener: attributeAdded('StockTicker', 'async.Stockticker@5d018107')
03-Nov-2020 11:04:28.462 INFO [main] org.apache.catalina.core.ApplicationContext.log SessionListener: contextDestroyed()
03-Nov-2020 11:04:28.462 INFO [main] org.apache.catalina.core.ApplicationContext.log ContextListener: contextDestroyed()
03-Nov-2020 11:06:15.494 INFO [main] org.apache.catalina.core.ApplicationContext.log SessionListener: contextDestroyed()
03-Nov-2020 11:06:15.494 INFO [main] org.apache.catalina.core.ApplicationContext.log ContextListener: contextDestroyed()
03-Nov-2020 11:06:33.506 INFO [main] org.apache.catalina.core.ApplicationContext.log ContextListener: contextInitialized()
03-Nov-2020 11:06:33.506 INFO [main] org.apache.catalina.core.ApplicationContext.log SessionListener: contextInitialized()
03-Nov-2020 11:06:33.507 INFO [main] org.apache.catalina.core.ApplicationContext.log ContextListener: attributeAdded('StockTicker', 'async.Stockticker@3fc9dfc5')
03-Nov-2020 11:41:57.863 INFO [main] org.apache.catalina.core.ApplicationContext.log SessionListener: contextDestroyed()
03-Nov-2020 11:41:57.863 INFO [main] org.apache.catalina.core.ApplicationContext.log ContextListener: contextDestroyed()
03-Nov-2020 11:45:08.339 INFO [main] org.apache.catalina.core.ApplicationContext.log ContextListener: contextInitialized()
03-Nov-2020 11:45:08.339 INFO [main] org.apache.catalina.core.ApplicationContext.log SessionListener: contextInitialized()
03-Nov-2020 11:45:08.340 INFO [main] org.apache.catalina.core.ApplicationContext.log ContextListener: attributeAdded('StockTicker', 'async.Stockticker@69637b10')
03-Nov-2020 11:47:10.800 INFO [main] org.apache.catalina.core.ApplicationContext.log SessionListener: contextDestroyed()
03-Nov-2020 11:47:10.800 INFO [main] org.apache.catalina.core.ApplicationContext.log ContextListener: contextDestroyed()
03-Nov-2020 11:50:55.514 INFO [main] org.apache.catalina.core.ApplicationContext.log ContextListener: contextInitialized()
03-Nov-2020 11:50:55.514 INFO [main] org.apache.catalina.core.ApplicationContext.log SessionListener: contextInitialized()
03-Nov-2020 11:50:55.515 INFO [main] org.apache.catalina.core.ApplicationContext.log ContextListener: attributeAdded('StockTicker', 'async.Stockticker@69637b10')
03-Nov-2020 14:54:35.297 INFO [main] org.apache.catalina.core.ApplicationContext.log SessionListener: contextDestroyed()
03-Nov-2020 14:54:35.297 INFO [main] org.apache.catalina.core.ApplicationContext.log ContextListener: contextDestroyed()
